# JRE version: OpenJDK Runtime Environment (8.0_242-b01) (build 1.8.0_242-release-1644-b01)
# Java VM: OpenJDK 64-Bit Server VM (25.242-b01 mixed mode windows-amd64 compressed oops)
Heap:
 PSYoungGen      total 308736K, used 39040K [0x00000000d5580000, 0x00000000efb80000, 0x0000000100000000)
  eden space 281600K, 4% used [0x00000000d5580000,0x00000000d6123150,0x00000000e6880000)
  from space 27136K, 99% used [0x00000000e6880000,0x00000000e82fd160,0x00000000e8300000)
  to   space 37376K, 0% used [0x00000000ed700000,0x00000000ed700000,0x00000000efb80000)
 ParOldGen       total 100864K, used 72002K [0x0000000080000000, 0x0000000086280000, 0x00000000d5580000)
  object space 100864K, 71% used [0x0000000080000000,0x0000000084650978,0x0000000086280000)
 Metaspace       used 78831K, capacity 82434K, committed 82648K, reserved 1120256K
  class space    used 10539K, capacity 11205K, committed 11264K, reserved 1048576K
GC Heap History (10 events):
Event: 20.385 GC heap before
{Heap before GC invocations=14 (full 2):
 PSYoungGen      total 180224K, used 34219K [0x00000000d5580000, 0x00000000e5780000, 0x0000000100000000)
  eden space 166912K, 12% used [0x00000000d5580000,0x00000000d69ee200,0x00000000df880000)
  from space 13312K, 99% used [0x00000000df880000,0x00000000e057ca70,0x00000000e0580000)
  to   space 19456K, 0% used [0x00000000e4480000,0x00000000e4480000,0x00000000e5780000)
 ParOldGen       total 69120K, used 30452K [0x0000000080000000, 0x0000000084380000, 0x00000000d5580000)
  object space 69120K, 44% used [0x0000000080000000,0x0000000081dbd0a8,0x0000000084380000)
 Metaspace       used 56592K, capacity 58842K, committed 58968K, reserved 1099776K
  class space    used 7746K, capacity 8226K, committed 8320K, reserved 1048576K
Event: 20.402 GC heap after
Heap after GC invocations=14 (full 2):
 PSYoungGen      total 239616K, used 1696K [0x00000000d5580000, 0x00000000e5580000, 0x0000000100000000)
  eden space 222208K, 0% used [0x00000000d5580000,0x00000000d5580000,0x00000000e2e80000)
  from space 17408K, 9% used [0x00000000e4480000,0x00000000e4628000,0x00000000e5580000)
  to   space 19968K, 0% used [0x00000000e2e80000,0x00000000e2e80000,0x00000000e4200000)
 ParOldGen       total 69120K, used 41356K [0x0000000080000000, 0x0000000084380000, 0x00000000d5580000)
  object space 69120K, 59% used [0x0000000080000000,0x0000000082863038,0x0000000084380000)
 Metaspace       used 56592K, capacity 58842K, committed 58968K, reserved 1099776K
  class space    used 7746K, capacity 8226K, committed 8320K, reserved 1048576K
}
Event: 20.403 GC heap before
{Heap before GC invocations=15 (full 3):
 PSYoungGen      total 239616K, used 1696K [0x00000000d5580000, 0x00000000e5580000, 0x0000000100000000)
  eden space 222208K, 0% used [0x00000000d5580000,0x00000000d5580000,0x00000000e2e80000)
  from space 17408K, 9% used [0x00000000e4480000,0x00000000e4628000,0x00000000e5580000)
  to   space 19968K, 0% used [0x00000000e2e80000,0x00000000e2e80000,0x00000000e4200000)
 ParOldGen       total 69120K, used 41356K [0x0000000080000000, 0x0000000084380000, 0x00000000d5580000)
  object space 69120K, 59% used [0x0000000080000000,0x0000000082863038,0x0000000084380000)
 Metaspace       used 56592K, capacity 58842K, committed 58968K, reserved 1099776K
  class space    used 7746K, capacity 8226K, committed 8320K, reserved 1048576K
Event: 20.588 GC heap after
Heap after GC invocations=15 (full 3):
 PSYoungGen      total 239616K, used 0K [0x00000000d5580000, 0x00000000e5580000, 0x0000000100000000)
  eden space 222208K, 0% used [0x00000000d5580000,0x00000000d5580000,0x00000000e2e80000)
  from space 17408K, 0% used [0x00000000e4480000,0x00000000e4480000,0x00000000e5580000)
  to   space 19968K, 0% used [0x00000000e2e80000,0x00000000e2e80000,0x00000000e4200000)
 ParOldGen       total 100864K, used 28773K [0x0000000080000000, 0x0000000086280000, 0x00000000d5580000)
  object space 100864K, 28% used [0x0000000080000000,0x0000000081c197f0,0x0000000086280000)
 Metaspace       used 56592K, capacity 58842K, committed 58968K, reserved 1099776K
  class space    used 7746K, capacity 8226K, committed 8320K, reserved 1048576K
}
Event: 26.613 GC heap before
{Heap before GC invocations=16 (full 3):
 PSYoungGen      total 239616K, used 222208K [0x00000000d5580000, 0x00000000e5580000, 0x0000000100000000)
  eden space 222208K, 100% used [0x00000000d5580000,0x00000000e2e80000,0x00000000e2e80000)
  from space 17408K, 0% used [0x00000000e4480000,0x00000000e4480000,0x00000000e5580000)
  to   space 19968K, 0% used [0x00000000e2e80000,0x00000000e2e80000,0x00000000e4200000)
 ParOldGen       total 100864K, used 28773K [0x0000000080000000, 0x0000000086280000, 0x00000000d5580000)
  object space 100864K, 28% used [0x0000000080000000,0x0000000081c197f0,0x0000000086280000)
 Metaspace       used 65214K, capacity 68384K, committed 68440K, reserved 1107968K
  class space    used 8966K, capacity 9571K, committed 9600K, reserved 1048576K
Event: 26.656 GC heap after
Heap after GC invocations=16 (full 3):
 PSYoungGen      total 242176K, used 19954K [0x00000000d5580000, 0x00000000ea180000, 0x0000000100000000)
  eden space 222208K, 0% used [0x00000000d5580000,0x00000000d5580000,0x00000000e2e80000)
  from space 19968K, 99% used [0x00000000e2e80000,0x00000000e41fcb70,0x00000000e4200000)
  to   space 26112K, 0% used [0x00000000e8800000,0x00000000e8800000,0x00000000ea180000)
 ParOldGen       total 100864K, used 37434K [0x0000000080000000, 0x0000000086280000, 0x00000000d5580000)
  object space 100864K, 37% used [0x0000000080000000,0x000000008248e8e8,0x0000000086280000)
 Metaspace       used 65214K, capacity 68384K, committed 68440K, reserved 1107968K
  class space    used 8966K, capacity 9571K, committed 9600K, reserved 1048576K
}
Event: 34.171 GC heap before
{Heap before GC invocations=17 (full 3):
 PSYoungGen      total 242176K, used 242162K [0x00000000d5580000, 0x00000000ea180000, 0x0000000100000000)
  eden space 222208K, 100% used [0x00000000d5580000,0x00000000e2e80000,0x00000000e2e80000)
  from space 19968K, 99% used [0x00000000e2e80000,0x00000000e41fcb70,0x00000000e4200000)
  to   space 26112K, 0% used [0x00000000e8800000,0x00000000e8800000,0x00000000ea180000)
 ParOldGen       total 100864K, used 37434K [0x0000000080000000, 0x0000000086280000, 0x00000000d5580000)
  object space 100864K, 37% used [0x0000000080000000,0x000000008248e8e8,0x0000000086280000)
 Metaspace       used 71677K, capacity 75062K, committed 75352K, reserved 1114112K
  class space    used 9681K, capacity 10330K, committed 10368K, reserved 1048576K
Event: 34.209 GC heap after
Heap after GC invocations=17 (full 3):
 PSYoungGen      total 303616K, used 16281K [0x00000000d5580000, 0x00000000e9d80000, 0x0000000100000000)
  eden space 281600K, 0% used [0x00000000d5580000,0x00000000d5580000,0x00000000e6880000)
  from space 22016K, 73% used [0x00000000e8800000,0x00000000e97e6508,0x00000000e9d80000)
  to   space 27136K, 0% used [0x00000000e6880000,0x00000000e6880000,0x00000000e8300000)
 ParOldGen       total 100864K, used 56260K [0x0000000080000000, 0x0000000086280000, 0x00000000d5580000)
  object space 100864K, 55% used [0x0000000080000000,0x00000000836f1238,0x0000000086280000)
 Metaspace       used 71677K, capacity 75062K, committed 75352K, reserved 1114112K
  class space    used 9681K, capacity 10330K, committed 10368K, reserved 1048576K
}
Event: 39.180 GC heap before
{Heap before GC invocations=18 (full 3):
 PSYoungGen      total 303616K, used 297881K [0x00000000d5580000, 0x00000000e9d80000, 0x0000000100000000)
  eden space 281600K, 100% used [0x00000000d5580000,0x00000000e6880000,0x00000000e6880000)
  from space 22016K, 73% used [0x00000000e8800000,0x00000000e97e6508,0x00000000e9d80000)
  to   space 27136K, 0% used [0x00000000e6880000,0x00000000e6880000,0x00000000e8300000)
 ParOldGen       total 100864K, used 56260K [0x0000000080000000, 0x0000000086280000, 0x00000000d5580000)
  object space 100864K, 55% used [0x0000000080000000,0x00000000836f1238,0x0000000086280000)
 Metaspace       used 78831K, capacity 82434K, committed 82648K, reserved 1120256K
  class space    used 10539K, capacity 11205K, committed 11264K, reserved 1048576K
Event: 39.248 GC heap after
Heap after GC invocations=18 (full 3):
 PSYoungGen      total 308736K, used 27124K [0x00000000d5580000, 0x00000000efb80000, 0x0000000100000000)
  eden space 281600K, 0% used [0x00000000d5580000,0x00000000d5580000,0x00000000e6880000)
  from space 27136K, 99% used [0x00000000e6880000,0x00000000e82fd160,0x00000000e8300000)
  to   space 37376K, 0% used [0x00000000ed700000,0x00000000ed700000,0x00000000efb80000)
 ParOldGen       total 100864K, used 72002K [0x0000000080000000, 0x0000000086280000, 0x00000000d5580000)
  object space 100864K, 71% used [0x0000000080000000,0x0000000084650978,0x0000000086280000)
 Metaspace       used 78831K, capacity 82434K, committed 82648K, reserved 1120256K
  class space    used 10539K, capacity 11205K, committed 11264K, reserved 1048576K
}

