# JRE version: OpenJDK Runtime Environment (8.0_242-b01) (build 1.8.0_242-release-1644-b01)
# Java VM: OpenJDK 64-Bit Server VM (25.242-b01 mixed mode windows-amd64 compressed oops)
Heap:
 PSYoungGen      total 556544K, used 70254K [0x00000000d5580000, 0x00000000ff800000, 0x0000000100000000)
  eden space 432640K, 13% used [0x00000000d5580000,0x00000000d8e85568,0x00000000efc00000)
  from space 123904K, 9% used [0x00000000f7f00000,0x00000000f8a962b0,0x00000000ff800000)
  to   space 129024K, 0% used [0x00000000efc00000,0x00000000efc00000,0x00000000f7a00000)
 ParOldGen       total 422400K, used 276878K [0x0000000080000000, 0x0000000099c80000, 0x00000000d5580000)
  object space 422400K, 65% used [0x0000000080000000,0x0000000090e638f0,0x0000000099c80000)
 Metaspace       used 125737K, capacity 133494K, committed 133708K, reserved 1165312K
  class space    used 15770K, capacity 17129K, committed 17268K, reserved 1048576K
GC Heap History (10 events):
Event: 8551.677 GC heap before
{Heap before GC invocations=67 (full 7):
 PSYoungGen      total 540160K, used 534315K [0x00000000d5580000, 0x0000000100000000, 0x0000000100000000)
  eden space 438784K, 98% used [0x00000000d5580000,0x00000000efc8dd68,0x00000000f0200000)
  from space 101376K, 99% used [0x00000000f0200000,0x00000000f64bcf98,0x00000000f6500000)
  to   space 137728K, 0% used [0x00000000f7980000,0x00000000f7980000,0x0000000100000000)
 ParOldGen       total 422400K, used 260931K [0x0000000080000000, 0x0000000099c80000, 0x00000000d5580000)
  object space 422400K, 61% used [0x0000000080000000,0x000000008fed0dd0,0x0000000099c80000)
 Metaspace       used 125261K, capacity 132816K, committed 133196K, reserved 1165312K
  class space    used 15749K, capacity 17092K, committed 17268K, reserved 1048576K
Event: 8551.960 GC heap after
Heap after GC invocations=67 (full 7):
 PSYoungGen      total 568832K, used 45068K [0x00000000d5580000, 0x0000000100000000, 0x0000000100000000)
  eden space 431104K, 0% used [0x00000000d5580000,0x00000000d5580000,0x00000000efa80000)
  from space 137728K, 32% used [0x00000000f7980000,0x00000000fa583310,0x0000000100000000)
  to   space 130048K, 0% used [0x00000000efa80000,0x00000000efa80000,0x00000000f7980000)
 ParOldGen       total 422400K, used 263287K [0x0000000080000000, 0x0000000099c80000, 0x00000000d5580000)
  object space 422400K, 62% used [0x0000000080000000,0x000000009011dc40,0x0000000099c80000)
 Metaspace       used 125261K, capacity 132816K, committed 133196K, reserved 1165312K
  class space    used 15749K, capacity 17092K, committed 17268K, reserved 1048576K
}
Event: 8903.561 GC heap before
{Heap before GC invocations=68 (full 7):
 PSYoungGen      total 568832K, used 476172K [0x00000000d5580000, 0x0000000100000000, 0x0000000100000000)
  eden space 431104K, 100% used [0x00000000d5580000,0x00000000efa80000,0x00000000efa80000)
  from space 137728K, 32% used [0x00000000f7980000,0x00000000fa583310,0x0000000100000000)
  to   space 130048K, 0% used [0x00000000efa80000,0x00000000efa80000,0x00000000f7980000)
 ParOldGen       total 422400K, used 263287K [0x0000000080000000, 0x0000000099c80000, 0x00000000d5580000)
  object space 422400K, 62% used [0x0000000080000000,0x000000009011dc40,0x0000000099c80000)
 Metaspace       used 125317K, capacity 132886K, committed 133196K, reserved 1165312K
  class space    used 15750K, capacity 17093K, committed 17268K, reserved 1048576K
Event: 8903.901 GC heap after
Heap after GC invocations=68 (full 7):
 PSYoungGen      total 444928K, used 13526K [0x00000000d5580000, 0x00000000ff480000, 0x0000000100000000)
  eden space 431104K, 0% used [0x00000000d5580000,0x00000000d5580000,0x00000000efa80000)
  from space 13824K, 97% used [0x00000000efa80000,0x00000000f07b5bb0,0x00000000f0800000)
  to   space 128000K, 0% used [0x00000000f7780000,0x00000000f7780000,0x00000000ff480000)
 ParOldGen       total 422400K, used 266479K [0x0000000080000000, 0x0000000099c80000, 0x00000000d5580000)
  object space 422400K, 63% used [0x0000000080000000,0x000000009043bfd8,0x0000000099c80000)
 Metaspace       used 125317K, capacity 132886K, committed 133196K, reserved 1165312K
  class space    used 15750K, capacity 17093K, committed 17268K, reserved 1048576K
}
Event: 8910.239 GC heap before
{Heap before GC invocations=69 (full 7):
 PSYoungGen      total 444928K, used 444630K [0x00000000d5580000, 0x00000000ff480000, 0x0000000100000000)
  eden space 431104K, 100% used [0x00000000d5580000,0x00000000efa80000,0x00000000efa80000)
  from space 13824K, 97% used [0x00000000efa80000,0x00000000f07b5bb0,0x00000000f0800000)
  to   space 128000K, 0% used [0x00000000f7780000,0x00000000f7780000,0x00000000ff480000)
 ParOldGen       total 422400K, used 266479K [0x0000000080000000, 0x0000000099c80000, 0x00000000d5580000)
  object space 422400K, 63% used [0x0000000080000000,0x000000009043bfd8,0x0000000099c80000)
 Metaspace       used 125389K, capacity 132960K, committed 133196K, reserved 1165312K
  class space    used 15751K, capacity 17094K, committed 17268K, reserved 1048576K
Event: 8910.914 GC heap after
Heap after GC invocations=69 (full 7):
 PSYoungGen      total 551936K, used 88148K [0x00000000d5580000, 0x0000000100000000, 0x0000000100000000)
  eden space 423936K, 0% used [0x00000000d5580000,0x00000000d5580000,0x00000000ef380000)
  from space 128000K, 68% used [0x00000000f7780000,0x00000000fcd950e8,0x00000000ff480000)
  to   space 135168K, 0% used [0x00000000ef380000,0x00000000ef380000,0x00000000f7780000)
 ParOldGen       total 422400K, used 270507K [0x0000000080000000, 0x0000000099c80000, 0x00000000d5580000)
  object space 422400K, 64% used [0x0000000080000000,0x000000009082ae90,0x0000000099c80000)
 Metaspace       used 125389K, capacity 132960K, committed 133196K, reserved 1165312K
  class space    used 15751K, capacity 17094K, committed 17268K, reserved 1048576K
}
Event: 8991.335 GC heap before
{Heap before GC invocations=70 (full 7):
 PSYoungGen      total 551936K, used 512084K [0x00000000d5580000, 0x0000000100000000, 0x0000000100000000)
  eden space 423936K, 100% used [0x00000000d5580000,0x00000000ef380000,0x00000000ef380000)
  from space 128000K, 68% used [0x00000000f7780000,0x00000000fcd950e8,0x00000000ff480000)
  to   space 135168K, 0% used [0x00000000ef380000,0x00000000ef380000,0x00000000f7780000)
 ParOldGen       total 422400K, used 270507K [0x0000000080000000, 0x0000000099c80000, 0x00000000d5580000)
  object space 422400K, 64% used [0x0000000080000000,0x000000009082ae90,0x0000000099c80000)
 Metaspace       used 125582K, capacity 133264K, committed 133452K, reserved 1165312K
  class space    used 15761K, capacity 17112K, committed 17268K, reserved 1048576K
Event: 8991.563 GC heap after
Heap after GC invocations=70 (full 7):
 PSYoungGen      total 559104K, used 26504K [0x00000000d5580000, 0x00000000fff00000, 0x0000000100000000)
  eden space 423936K, 0% used [0x00000000d5580000,0x00000000d5580000,0x00000000ef380000)
  from space 135168K, 19% used [0x00000000ef380000,0x00000000f0d62338,0x00000000f7780000)
  to   space 131072K, 0% used [0x00000000f7f00000,0x00000000f7f00000,0x00000000fff00000)
 ParOldGen       total 422400K, used 274053K [0x0000000080000000, 0x0000000099c80000, 0x00000000d5580000)
  object space 422400K, 64% used [0x0000000080000000,0x0000000090ba1430,0x0000000099c80000)
 Metaspace       used 125582K, capacity 133264K, committed 133452K, reserved 1165312K
  class space    used 15761K, capacity 17112K, committed 17268K, reserved 1048576K
}
Event: 9164.982 GC heap before
{Heap before GC invocations=71 (full 7):
 PSYoungGen      total 559104K, used 450440K [0x00000000d5580000, 0x00000000fff00000, 0x0000000100000000)
  eden space 423936K, 100% used [0x00000000d5580000,0x00000000ef380000,0x00000000ef380000)
  from space 135168K, 19% used [0x00000000ef380000,0x00000000f0d62338,0x00000000f7780000)
  to   space 131072K, 0% used [0x00000000f7f00000,0x00000000f7f00000,0x00000000fff00000)
 ParOldGen       total 422400K, used 274053K [0x0000000080000000, 0x0000000099c80000, 0x00000000d5580000)
  object space 422400K, 64% used [0x0000000080000000,0x0000000090ba1430,0x0000000099c80000)
 Metaspace       used 125665K, capacity 133312K, committed 133708K, reserved 1165312K
  class space    used 15765K, capacity 17120K, committed 17268K, reserved 1048576K
Event: 9165.690 GC heap after
Heap after GC invocations=71 (full 7):
 PSYoungGen      total 556544K, used 11864K [0x00000000d5580000, 0x00000000ff800000, 0x0000000100000000)
  eden space 432640K, 0% used [0x00000000d5580000,0x00000000d5580000,0x00000000efc00000)
  from space 123904K, 9% used [0x00000000f7f00000,0x00000000f8a962b0,0x00000000ff800000)
  to   space 129024K, 0% used [0x00000000efc00000,0x00000000efc00000,0x00000000f7a00000)
 ParOldGen       total 422400K, used 276878K [0x0000000080000000, 0x0000000099c80000, 0x00000000d5580000)
  object space 422400K, 65% used [0x0000000080000000,0x0000000090e638f0,0x0000000099c80000)
 Metaspace       used 125665K, capacity 133312K, committed 133708K, reserved 1165312K
  class space    used 15765K, capacity 17120K, committed 17268K, reserved 1048576K
}

